<?xml version="1.0" encoding="UTF-8" standalone="no"?>
<Entitati>
    <nota IDStudent="1235" IDTema="125">
        <Nota>4.0</Nota>
        <SaptamanaPredare>3</SaptamanaPredare>
        <Feedback>yes</Feedback>
    </nota>
    <nota IDStudent="1234" IDTema="123">
        <Nota>4.0</Nota>
        <SaptamanaPredare>3</SaptamanaPredare>
        <Feedback>yes</Feedback>
    </nota>
</Entitati>
