<?xml version="1.0" encoding="UTF-8" standalone="no"?>
<Entitati>
    <tema ID="123">
        <Descriere>tema</Descriere>
        <Deadline>5</Deadline>
        <Startline>2</Startline>
    </tema>
    <tema ID="125">
        <Descriere>tema</Descriere>
        <Deadline>5</Deadline>
        <Startline>2</Startline>
    </tema>
</Entitati>
